Simulation Data:
name	arrival_time	service_time	priority
A    	           0	           7	       2
B    	           3	           3	       1
C    	           4	           2	       3
D    	           6	           5	       2
E    	           8	           2	       3

===================================        fcfs        ===================================

    0   1   2   3   4   5   6   7   8   9  10  11  12  13  14  15  16  17  18 
A:  x   x   x   x   x   x   x                                                 
B:              *               x   x   x                                     
C:                  *                       x   x                             
D:                          *                       x   x   x   x   x         
E:                                  *                                   x   x 


name	response_time	turnaround_time
A   	            0	               7
B   	            4	               7
C   	            6	               8
D   	            6	              11
E   	            9	              11
AVG 	         5.00	            8.80



===================================    round_robin     ===================================

    0   1   2   3   4   5   6   7   8   9  10  11  12  13  14  15  16  17  18 
A:  x   x   x       x           x                   x           x             
B:              x           x               x                                 
C:                  *   x               x                                     
D:                          *       x                   x           x   x   x 
E:                                  *           x           x                 


name	response_time	turnaround_time
A   	            0	              16
B   	            0	               8
C   	            1	               6
D   	            2	              13
E   	            3	               7
AVG 	         1.20	           10.00



===================================        srtf        ===================================

    0   1   2   3   4   5   6   7   8   9  10  11  12  13  14  15  16  17  18 
A:  x   x   x                               x   x   x   x                     
B:              x   x   x                                                     
C:                  *       x   x                                             
D:                          *                               x   x   x   x   x 
E:                                  x   x                                     


name	response_time	turnaround_time
A   	            0	              14
B   	            0	               3
C   	            2	               4
D   	            8	              13
E   	            0	               2
AVG 	         2.00	            7.20



===================================   round_robin_q4   ===================================

    0   1   2   3   4   5   6   7   8   9  10  11  12  13  14  15  16  17  18 
A:  x   x   x   x                       x   x   x                             
B:              *   x   x   x                                                 
C:                  *           x   x                                         
D:                          *                       x   x   x   x           x 
E:                                  *                               x   x     


name	response_time	turnaround_time
A   	            0	              12
B   	            1	               4
C   	            3	               5
D   	            6	              13
E   	            8	              10
AVG 	         3.60	            8.80



===================================       hpf_p        ===================================

    0   1   2   3   4   5   6   7   8   9  10  11  12  13  14  15  16  17  18 
A:  x   x   x   x           x   x           x                                 
B:              *                                                   x   x   x 
C:                  x   x                                                     
D:                          *                   x   x   x   x   x             
E:                                  x   x                                     


name	response_time	turnaround_time
A   	            0	              11
B   	           13	              16
C   	            0	               2
D   	            5	              10
E   	            0	               2
AVG 	         3.60	            8.20



===================================       hpf_np       ===================================

    0   1   2   3   4   5   6   7   8   9  10  11  12  13  14  15  16  17  18 
A:  x   x   x   x   x   x   x                                                 
B:              *                                                   x   x   x 
C:                  *           x   x                                         
D:                          *                   x   x   x   x   x             
E:                                  *   x   x                                 


name	response_time	turnaround_time
A   	            0	               7
B   	           13	              16
C   	            3	               5
D   	            5	              10
E   	            1	               3
AVG 	         4.40	            8.20
